#
# There is insufficient memory for the Java Runtime Environment to continue.
# Native memory allocation (mmap) failed to map 266338304 bytes for G1 virtual space
# Possible reasons:
#   The system is out of physical RAM or swap space
#   The process is running with CompressedOops enabled, and the Java Heap may be blocking the growth of the native heap
# Possible solutions:
#   Reduce memory load on the system
#   Increase physical memory or swap space
#   Check if swap backing store is full
#   Decrease Java heap size (-Xmx/-Xms)
#   Decrease number of Java threads
#   Decrease Java thread stack sizes (-Xss)
#   Set larger code cache with -XX:ReservedCodeCacheSize=
#   JVM is running with Zero Based Compressed Oops mode in which the Java heap is
#     placed in the first 32GB address space. The Java Heap base address is the
#     maximum limit for the native heap growth. Please use -XX:HeapBaseMinAddress
#     to set the Java Heap base and to place the Java Heap above 32GB virtual address.
# This output file may be truncated or incomplete.
#
#  Out of Memory Error (os_windows.cpp:3469), pid=21352, tid=16192
#
# JRE version:  (17.0.1+12) (build )
# Java VM: OpenJDK 64-Bit Server VM (17.0.1+12-39, mixed mode, emulated-client, sharing, tiered, compressed oops, compressed class ptrs, g1 gc, windows-amd64)
# No core dump will be written. Minidumps are not enabled by default on client versions of Windows
#

---------------  S U M M A R Y ------------

Command Line: -XX:TieredStopAtLevel=1 -Xverify:none -Dspring.profiles.active=dev -Dspring.output.ansi.enabled=always -Dcom.sun.management.jmxremote -Dspring.jmx.enabled=true -Dspring.liveBeansView.mbeanDomain -Dspring.application.admin.enabled=true -javaagent:C:\Program Files\JetBrains\IntelliJ IDEA 2022.1.4\lib\idea_rt.jar=61261:C:\Program Files\JetBrains\IntelliJ IDEA 2022.1.4\bin -Dfile.encoding=UTF-8 kata.academy.socialnetwork.Starter

Host: Intel(R) Core(TM) i7-10510U CPU @ 1.80GHz, 8 cores, 15G,  Windows 10 , 64 bit Build 19041 (10.0.19041.1348)
Time: Fri Aug 19 20:03:13 2022 RTZ 2 (s 10 , 64 bit Build 19041 (10.0.19041.1348) elapsed time: 0.017688 seconds (0d 0h 0m 0s)

---------------  T H R E A D  ---------------

Current thread (0x000001446520e950):  JavaThread "Unknown thread" [_thread_in_vm, id=16192, stack(0x0000003b82b00000,0x0000003b82c00000)]

Stack: [0x0000003b82b00000,0x0000003b82c00000]
Native frames: (J=compiled Java code, j=interpreted, Vv=VM code, C=native code)
V  [jvm.dll+0x66fa1a]
V  [jvm.dll+0x7ce5a4]
V  [jvm.dll+0x7cfd4e]
V  [jvm.dll+0x7d03b3]
V  [jvm.dll+0x242b05]
V  [jvm.dll+0x66ca39]
V  [jvm.dll+0x661502]
V  [jvm.dll+0x30081b]
V  [jvm.dll+0x307da6]
V  [jvm.dll+0x357a1e]
V  [jvm.dll+0x357c4f]
V  [jvm.dll+0x2d7ad8]
V  [jvm.dll+0x2d8a44]
V  [jvm.dll+0x7a01e1]
V  [jvm.dll+0x365791]
V  [jvm.dll+0x77f6cc]
V  [jvm.dll+0x3e812f]
V  [jvm.dll+0x3e9bd1]
C  [jli.dll+0x527b]
C  [ucrtbase.dll+0x21bb2]
C  [KERNEL32.DLL+0x17034]
C  [ntdll.dll+0x52651]


---------------  P R O C E S S  ---------------

Threads class SMR info:
_java_thread_list=0x00007ffc4e2d7818, length=0, elements={
}

Java Threads: ( => current thread )

Other Threads:
  0x000001446525b530 GCTaskThread "GC Thread#0" [stack: 0x0000003b82c00000,0x0000003b82d00000] [id=5000]
  0x000001446526e0b0 ConcurrentGCThread "G1 Main Marker" [stack: 0x0000003b82d00000,0x0000003b82e00000] [id=22776]
  0x000001446526f100 ConcurrentGCThread "G1 Conc#0" [stack: 0x0000003b82e00000,0x0000003b82f00000] [id=23508]

[error occurred during error reporting (printing all threads), id 0xc0000005, EXCEPTION_ACCESS_VIOLATION (0xc0000005) at pc=0x00007ffc4db284b7]

VM state: not at safepoint (not fully initialized)

VM Mutex/Monitor currently owned by a thread:  ([mutex/lock_event])
[0x000001446520ad20] Heap_lock - owner thread: 0x000001446520e950

Heap address: 0x0000000702800000, size: 4056 MB, Compressed Oops mode: Zero based, Oop shift amount: 3

CDS archive(s) mapped at: [0x0000000000000000-0x0000000000000000-0x0000000000000000), size 0, SharedBaseAddress: 0x0000000800000000, ArchiveRelocationMode: 0.
Narrow klass base: 0x0000000000000000, Narrow klass shift: 0, Narrow klass range: 0x0

GC Precious Log:
<Empty>

Heap:
 garbage-first heap   total 0K, used 0K [0x0000000702800000, 0x0000000800000000)
  region size 2048K, 0 young (0K), 0 survivors (0K)

[error occurred during error reporting (printing heap information), id 0xc0000005, EXCEPTION_ACCESS_VIOLATION (0xc0000005) at pc=0x00007ffc4df08d89]

GC Heap History (0 events):
No events

Deoptimization events (0 events):
No events

Classes unloaded (0 events):
No events

Classes redefined (0 events):
No events

Internal exceptions (0 events):
No events

VM Operations (0 events):
No events

Events (1 events):
Event: 0.011 Loaded shared library D:\jdk\jdk-17.0.1\bin\java.dll


Dynamic libraries:
0x00007ff7c2d40000 - 0x00007ff7c2d4e000 	D:\jdk\jdk-17.0.1\bin\java.exe
0x00007ffca2770000 - 0x00007ffca2965000 	C:\Windows\SYSTEM32\ntdll.dll
0x00007ffca21a0000 - 0x00007ffca225e000 	C:\Windows\System32\KERNEL32.DLL
0x00007ffca0310000 - 0x00007ffca05d8000 	C:\Windows\System32\KERNELBASE.dll
0x00007ffc9feb0000 - 0x00007ffc9ffb0000 	C:\Windows\System32\ucrtbase.dll
0x00007ffc94b90000 - 0x00007ffc94ba8000 	D:\jdk\jdk-17.0.1\bin\jli.dll
0x00007ffc94b40000 - 0x00007ffc94b5a000 	D:\jdk\jdk-17.0.1\bin\VCRUNTIME140.dll
0x00007ffca2330000 - 0x00007ffca24d1000 	C:\Windows\System32\USER32.dll
0x00007ffc9fe80000 - 0x00007ffc9fea2000 	C:\Windows\System32\win32u.dll
0x00007ffc82930000 - 0x00007ffc82bca000 	C:\Windows\WinSxS\amd64_microsoft.windows.common-controls_6595b64144ccf1df_6.0.19041.1110_none_60b5254171f9507e\COMCTL32.dll
0x00007ffca24e0000 - 0x00007ffca250b000 	C:\Windows\System32\GDI32.dll
0x00007ffca2630000 - 0x00007ffca26ce000 	C:\Windows\System32\msvcrt.dll
0x00007ffca05e0000 - 0x00007ffca06ed000 	C:\Windows\System32\gdi32full.dll
0x00007ffc9ffb0000 - 0x00007ffca004d000 	C:\Windows\System32\msvcp_win.dll
0x00007ffca2170000 - 0x00007ffca21a0000 	C:\Windows\System32\IMM32.DLL
0x00007ffc96f30000 - 0x00007ffc96f3c000 	D:\jdk\jdk-17.0.1\bin\vcruntime140_1.dll
0x00007ffc77400000 - 0x00007ffc7748d000 	D:\jdk\jdk-17.0.1\bin\msvcp140.dll
0x00007ffc4d840000 - 0x00007ffc4e3fe000 	D:\jdk\jdk-17.0.1\bin\server\jvm.dll
0x00007ffca1b70000 - 0x00007ffca1c1c000 	C:\Windows\System32\ADVAPI32.dll
0x00007ffca1ee0000 - 0x00007ffca1f7b000 	C:\Windows\System32\sechost.dll
0x00007ffca1c20000 - 0x00007ffca1d4a000 	C:\Windows\System32\RPCRT4.dll
0x00007ffca1b60000 - 0x00007ffca1b68000 	C:\Windows\System32\PSAPI.DLL
0x00007ffc888b0000 - 0x00007ffc888b9000 	C:\Windows\SYSTEM32\WSOCK32.dll
0x00007ffc7d4a0000 - 0x00007ffc7d4c7000 	C:\Windows\SYSTEM32\WINMM.dll
0x00007ffc947c0000 - 0x00007ffc947ca000 	C:\Windows\SYSTEM32\VERSION.dll
0x00007ffca2260000 - 0x00007ffca22cb000 	C:\Windows\System32\WS2_32.dll
0x00007ffc9e6f0000 - 0x00007ffc9e702000 	C:\Windows\SYSTEM32\kernel.appcore.dll
0x00007ffc967f0000 - 0x00007ffc967fa000 	D:\jdk\jdk-17.0.1\bin\jimage.dll
0x00007ffc9aa90000 - 0x00007ffc9ac74000 	C:\Windows\SYSTEM32\DBGHELP.DLL
0x00007ffc939b0000 - 0x00007ffc939dc000 	C:\Windows\SYSTEM32\dbgcore.DLL
0x00007ffca0720000 - 0x00007ffca07a2000 	C:\Windows\System32\bcryptPrimitives.dll
0x00007ffc91de0000 - 0x00007ffc91dee000 	D:\jdk\jdk-17.0.1\bin\instrument.dll
0x00007ffc94ac0000 - 0x00007ffc94ae5000 	D:\jdk\jdk-17.0.1\bin\java.dll

dbghelp: loaded successfully - version: 4.0.5 - missing functions: none
symbol engine: initialized successfully - sym options: 0x614 - pdb path: .;D:\jdk\jdk-17.0.1\bin;C:\Windows\SYSTEM32;C:\Windows\WinSxS\amd64_microsoft.windows.common-controls_6595b64144ccf1df_6.0.19041.1110_none_60b5254171f9507e;D:\jdk\jdk-17.0.1\bin\server

VM Arguments:
jvm_args: -XX:TieredStopAtLevel=1 -Xverify:none -Dspring.profiles.active=dev -Dspring.output.ansi.enabled=always -Dcom.sun.management.jmxremote -Dspring.jmx.enabled=true -Dspring.liveBeansView.mbeanDomain -Dspring.application.admin.enabled=true -javaagent:C:\Program Files\JetBrains\IntelliJ IDEA 2022.1.4\lib\idea_rt.jar=61261:C:\Program Files\JetBrains\IntelliJ IDEA 2022.1.4\bin -Dfile.encoding=UTF-8 
java_command: kata.academy.socialnetwork.Starter
java_class_path (initial): D:\ilyana\Java\social-network\target\classes;C:\Users\ndg23\.m2\repository\org\springframework\boot\spring-boot-starter-data-jpa\2.7.1\spring-boot-starter-data-jpa-2.7.1.jar;C:\Users\ndg23\.m2\repository\org\springframework\boot\spring-boot-starter-aop\2.7.1\spring-boot-starter-aop-2.7.1.jar;C:\Users\ndg23\.m2\repository\org\aspectj\aspectjweaver\1.9.7\aspectjweaver-1.9.7.jar;C:\Users\ndg23\.m2\repository\org\springframework\boot\spring-boot-starter-jdbc\2.7.1\spring-boot-starter-jdbc-2.7.1.jar;C:\Users\ndg23\.m2\repository\com\zaxxer\HikariCP\4.0.3\HikariCP-4.0.3.jar;C:\Users\ndg23\.m2\repository\org\springframework\spring-jdbc\5.3.21\spring-jdbc-5.3.21.jar;C:\Users\ndg23\.m2\repository\jakarta\transaction\jakarta.transaction-api\1.3.3\jakarta.transaction-api-1.3.3.jar;C:\Users\ndg23\.m2\repository\jakarta\persistence\jakarta.persistence-api\2.2.3\jakarta.persistence-api-2.2.3.jar;C:\Users\ndg23\.m2\repository\org\hibernate\hibernate-core\5.6.9.Final\hibernate-core-5.6.9.Final.jar;C:\Users\ndg23\.m2\repository\org\jboss\logging\jboss-logging\3.4.3.Final\jboss-logging-3.4.3.Final.jar;C:\Users\ndg23\.m2\repository\net\bytebuddy\byte-buddy\1.12.11\byte-buddy-1.12.11.jar;C:\Users\ndg23\.m2\repository\antlr\antlr\2.7.7\antlr-2.7.7.jar;C:\Users\ndg23\.m2\repository\org\jboss\jandex\2.4.2.Final\jandex-2.4.2.Final.jar;C:\Users\ndg23\.m2\repository\com\fasterxml\classmate\1.5.1\classmate-1.5.1.jar;C:\Users\ndg23\.m2\repository\org\hibernate\common\hibernate-commons-annotations\5.1.2.Final\hibernate-commons-annotations-5.1.2.Final.jar;C:\Users\ndg23\.m2\repository\org\glassfish\jaxb\jaxb-runtime\2.3.6\jaxb-runtime-2.3.6.jar;C:\Users\ndg23\.m2\repository\org\glassfish\jaxb\txw2\2.3.6\txw2-2.3.6.jar;C:\Users\ndg23\.m2\repository\com\sun\istack\istack-commons-runtime\3.0.12\istack-commons-runtime-3.0.12.jar;C:\Users\ndg23\.m2\repository\com\sun\activation\jakarta.activation\1.2.2\jakarta.activation-1.2.2.jar;C:\Users\ndg23\.m2\repository\org\springf
Launcher Type: SUN_STANDARD

[Global flags]
     intx CICompilerCount                          = 4                                         {product} {ergonomic}
     uint ConcGCThreads                            = 2                                         {product} {ergonomic}
     uint G1ConcRefinementThreads                  = 8                                         {product} {ergonomic}
   size_t G1HeapRegionSize                         = 2097152                                   {product} {ergonomic}
    uintx GCDrainStackTargetSize                   = 64                                        {product} {ergonomic}
   size_t InitialHeapSize                          = 266338304                                 {product} {ergonomic}
     bool ManagementServer                         = true                                      {product} {command line}
   size_t MarkStackSize                            = 4194304                                   {product} {ergonomic}
   size_t MaxHeapSize                              = 4253024256                                {product} {ergonomic}
   size_t MinHeapDeltaBytes                        = 2097152                                   {product} {ergonomic}
   size_t MinHeapSize                              = 8388608                                   {product} {ergonomic}
    uintx NonProfiledCodeHeapSize                  = 0                                      {pd product} {ergonomic}
     bool ProfileInterpreter                       = false                                  {pd product} {command line}
    uintx ProfiledCodeHeapSize                     = 0                                      {pd product} {ergonomic}
   size_t SoftMaxHeapSize                          = 4253024256                             {manageable} {ergonomic}
     intx TieredStopAtLevel                        = 1                                         {product} {command line}
     bool UseCompressedClassPointers               = true                           {product lp64_product} {ergonomic}
     bool UseCompressedOops                        = true                           {product lp64_product} {ergonomic}
     bool UseG1GC                                  = true                                      {product} {ergonomic}
     bool UseLargePagesIndividualAllocation        = false                                  {pd product} {ergonomic}

Logging:
Log output configuration:
 #0: stdout all=warning uptime,level,tags
 #1: stderr all=off uptime,level,tags

Environment Variables:
JAVA_HOME=D:\jdk\jdk-17.0.1
PATH=C:\Windows\system32;C:\Windows;C:\Windows\System32\Wbem;C:\Windows\System32\WindowsPowerShell\v1.0\;C:\Windows\System32\OpenSSH\;C:\Program Files\Git\cmd;C:\Program Files\Docker\Docker\resources\bin;C:\ProgramData\DockerDesktop\version-bin;D:\jdk\jdk-17.0.1\bin;C:\Users\ndg23\AppData\Local\Microsoft\WindowsApps;
USERNAME=ILYANA
OS=Windows_NT
PROCESSOR_IDENTIFIER=Intel64 Family 6 Model 142 Stepping 12, GenuineIntel



---------------  S Y S T E M  ---------------

OS:
 Windows 10 , 64 bit Build 19041 (10.0.19041.1348)
OS uptime: 20 days 9:13 hours
Hyper-V role detected

CPU: total 8 (initial active 8) (4 cores per cpu, 2 threads per core) family 6 model 142 stepping 12 microcode 0xde, cx8, cmov, fxsr, ht, mmx, 3dnowpref, sse, sse2, sse3, ssse3, sse4.1, sse4.2, popcnt, lzcnt, tsc, tscinvbit, avx, avx2, aes, erms, clmul, bmi1, bmi2, adx, fma, vzeroupper, clflush, clflushopt, hv

Memory: 4k page, system-wide physical 16219M (3099M free)
TotalPageFile size 34890M (AvailPageFile size 115M)
current process WorkingSet (physical memory assigned to process): 10M, peak: 10M
current process commit charge ("private bytes"): 55M, peak: 309M

vm_info: OpenJDK 64-Bit Server VM (17.0.1+12-39) for windows-amd64 JRE (17.0.1+12-39), built on Sep 27 2021 18:39:29 by "mach5one" with MS VC++ 16.8 (VS2019)

END.
